<?xml version="1.0" encoding="UTF-8"?>
<testsuite name="com.interview.timeseries.TimeSeriesStoreTest" tests="3" skipped="0" failures="0" errors="0" timestamp="2025-06-08T17:40:27" hostname="Joeys-MacBook-Air.local" time="0.615">
  <properties/>
  <testcase name="testQueryTimeRange" classname="com.interview.timeseries.TimeSeriesStoreTest" time="0.606"/>
  <testcase name="testQueryWithFilters" classname="com.interview.timeseries.TimeSeriesStoreTest" time="0.005"/>
  <testcase name="testInsertAndQueryBasic" classname="com.interview.timeseries.TimeSeriesStoreTest" time="0.002"/>
  <system-out><![CDATA[23:10:28.104 [Test worker] DEBUG org.springframework.test.util.ReflectionTestUtils - Setting field 'dataTTL' of type [null] on target object [com.interview.timeseries.service.impl.TimeSeriesStoreImpl@415e0bcb] or target class [class com.interview.timeseries.service.impl.TimeSeriesStoreImpl] to value [24]
23:10:28.107 [Test worker] DEBUG org.springframework.test.util.ReflectionTestUtils - Setting field 'dataCleanupFrequencyInMins' of type [null] on target object [com.interview.timeseries.service.impl.TimeSeriesStoreImpl@415e0bcb] or target class [class com.interview.timeseries.service.impl.TimeSeriesStoreImpl] to value [20]
23:10:28.108 [Test worker] DEBUG org.springframework.test.util.ReflectionTestUtils - Setting field 'snapshotDirPath' of type [null] on target object [com.interview.timeseries.service.impl.TimeSeriesStoreImpl@415e0bcb] or target class [class com.interview.timeseries.service.impl.TimeSeriesStoreImpl] to value [fakePath]
23:10:28.115 [Test worker] DEBUG org.springframework.test.util.ReflectionTestUtils - Setting field 'dataTTL' of type [null] on target object [com.interview.timeseries.service.impl.TimeSeriesStoreImpl@7daa61f3] or target class [class com.interview.timeseries.service.impl.TimeSeriesStoreImpl] to value [24]
23:10:28.115 [Test worker] DEBUG org.springframework.test.util.ReflectionTestUtils - Setting field 'dataCleanupFrequencyInMins' of type [null] on target object [com.interview.timeseries.service.impl.TimeSeriesStoreImpl@7daa61f3] or target class [class com.interview.timeseries.service.impl.TimeSeriesStoreImpl] to value [20]
23:10:28.116 [Test worker] DEBUG org.springframework.test.util.ReflectionTestUtils - Setting field 'snapshotDirPath' of type [null] on target object [com.interview.timeseries.service.impl.TimeSeriesStoreImpl@7daa61f3] or target class [class com.interview.timeseries.service.impl.TimeSeriesStoreImpl] to value [fakePath]
23:10:28.121 [Test worker] DEBUG org.springframework.test.util.ReflectionTestUtils - Setting field 'dataTTL' of type [null] on target object [com.interview.timeseries.service.impl.TimeSeriesStoreImpl@110844f6] or target class [class com.interview.timeseries.service.impl.TimeSeriesStoreImpl] to value [24]
23:10:28.121 [Test worker] DEBUG org.springframework.test.util.ReflectionTestUtils - Setting field 'dataCleanupFrequencyInMins' of type [null] on target object [com.interview.timeseries.service.impl.TimeSeriesStoreImpl@110844f6] or target class [class com.interview.timeseries.service.impl.TimeSeriesStoreImpl] to value [20]
23:10:28.121 [Test worker] DEBUG org.springframework.test.util.ReflectionTestUtils - Setting field 'snapshotDirPath' of type [null] on target object [com.interview.timeseries.service.impl.TimeSeriesStoreImpl@110844f6] or target class [class com.interview.timeseries.service.impl.TimeSeriesStoreImpl] to value [fakePath]
]]></system-out>
  <system-err><![CDATA[]]></system-err>
</testsuite>
