<?xml version="1.0" encoding="UTF-8"?>
<testsuite name="com.interview.timeseries.TimeSeriesStoreTest" tests="3" skipped="0" failures="0" errors="0" timestamp="2025-06-08T17:25:35" hostname="Joeys-MacBook-Air.local" time="0.624">
  <properties/>
  <testcase name="testQueryTimeRange" classname="com.interview.timeseries.TimeSeriesStoreTest" time="0.615"/>
  <testcase name="testQueryWithFilters" classname="com.interview.timeseries.TimeSeriesStoreTest" time="0.005"/>
  <testcase name="testInsertAndQueryBasic" classname="com.interview.timeseries.TimeSeriesStoreTest" time="0.002"/>
  <system-out><![CDATA[22:55:36.117 [Test worker] DEBUG org.springframework.test.util.ReflectionTestUtils - Setting field 'dataTTL' of type [null] on target object [com.interview.timeseries.service.impl.TimeSeriesStoreImpl@415e0bcb] or target class [class com.interview.timeseries.service.impl.TimeSeriesStoreImpl] to value [24]
22:55:36.121 [Test worker] DEBUG org.springframework.test.util.ReflectionTestUtils - Setting field 'dataCleanupFrequencyInMins' of type [null] on target object [com.interview.timeseries.service.impl.TimeSeriesStoreImpl@415e0bcb] or target class [class com.interview.timeseries.service.impl.TimeSeriesStoreImpl] to value [20]
22:55:36.122 [Test worker] DEBUG org.springframework.test.util.ReflectionTestUtils - Setting field 'snapshotDirPath' of type [null] on target object [com.interview.timeseries.service.impl.TimeSeriesStoreImpl@415e0bcb] or target class [class com.interview.timeseries.service.impl.TimeSeriesStoreImpl] to value [fakePath]
22:55:36.129 [Test worker] DEBUG org.springframework.test.util.ReflectionTestUtils - Setting field 'dataTTL' of type [null] on target object [com.interview.timeseries.service.impl.TimeSeriesStoreImpl@df1cff6] or target class [class com.interview.timeseries.service.impl.TimeSeriesStoreImpl] to value [24]
22:55:36.129 [Test worker] DEBUG org.springframework.test.util.ReflectionTestUtils - Setting field 'dataCleanupFrequencyInMins' of type [null] on target object [com.interview.timeseries.service.impl.TimeSeriesStoreImpl@df1cff6] or target class [class com.interview.timeseries.service.impl.TimeSeriesStoreImpl] to value [20]
22:55:36.130 [Test worker] DEBUG org.springframework.test.util.ReflectionTestUtils - Setting field 'snapshotDirPath' of type [null] on target object [com.interview.timeseries.service.impl.TimeSeriesStoreImpl@df1cff6] or target class [class com.interview.timeseries.service.impl.TimeSeriesStoreImpl] to value [fakePath]
22:55:36.135 [Test worker] DEBUG org.springframework.test.util.ReflectionTestUtils - Setting field 'dataTTL' of type [null] on target object [com.interview.timeseries.service.impl.TimeSeriesStoreImpl@38b972d7] or target class [class com.interview.timeseries.service.impl.TimeSeriesStoreImpl] to value [24]
22:55:36.135 [Test worker] DEBUG org.springframework.test.util.ReflectionTestUtils - Setting field 'dataCleanupFrequencyInMins' of type [null] on target object [com.interview.timeseries.service.impl.TimeSeriesStoreImpl@38b972d7] or target class [class com.interview.timeseries.service.impl.TimeSeriesStoreImpl] to value [20]
22:55:36.135 [Test worker] DEBUG org.springframework.test.util.ReflectionTestUtils - Setting field 'snapshotDirPath' of type [null] on target object [com.interview.timeseries.service.impl.TimeSeriesStoreImpl@38b972d7] or target class [class com.interview.timeseries.service.impl.TimeSeriesStoreImpl] to value [fakePath]
]]></system-out>
  <system-err><![CDATA[]]></system-err>
</testsuite>
